<?xml version="1.0" encoding="UTF-8"?>
<coverage generated="1718042199563" clover="3.2.0">
  <project timestamp="1718042199563" name="All files">
    <metrics statements="7" coveredstatements="7" conditionals="8" coveredconditionals="7" methods="3" coveredmethods="3" elements="18" coveredelements="17" complexity="0" loc="7" ncloc="7" packages="1" files="2" classes="2"/>
    <file name="healthIndicator.js" path="/app/src/js/healthIndicator.js">
      <metrics statements="6" coveredstatements="6" conditionals="8" coveredconditionals="7" methods="1" coveredmethods="1"/>
      <line num="3" count="3" type="cond" truecount="2" falsecount="0"/>
      <line num="4" count="1" type="stmt"/>
      <line num="7" count="2" type="cond" truecount="4" falsecount="0"/>
      <line num="8" count="1" type="stmt"/>
      <line num="11" count="1" type="cond" truecount="1" falsecount="1"/>
      <line num="12" count="1" type="stmt"/>
    </file>
    <file name="sortedChapters.js" path="/app/src/js/sortedChapters.js">
      <metrics statements="1" coveredstatements="1" conditionals="0" coveredconditionals="0" methods="2" coveredmethods="2"/>
      <line num="2" count="4" type="stmt"/>
    </file>
  </project>
</coverage>
