<?xml version="1.0" encoding="UTF-8"?>
<coverage generated="1718037861114" clover="3.2.0">
  <project timestamp="1718037861114" name="All files">
    <metrics statements="6" coveredstatements="6" conditionals="8" coveredconditionals="7" methods="1" coveredmethods="1" elements="15" coveredelements="14" complexity="0" loc="6" ncloc="6" packages="1" files="1" classes="1"/>
    <file name="healthIndicator.js" path="/app/src/js/healthIndicator.js">
      <metrics statements="6" coveredstatements="6" conditionals="8" coveredconditionals="7" methods="1" coveredmethods="1"/>
      <line num="3" count="3" type="cond" truecount="2" falsecount="0"/>
      <line num="4" count="1" type="stmt"/>
      <line num="7" count="2" type="cond" truecount="4" falsecount="0"/>
      <line num="8" count="1" type="stmt"/>
      <line num="11" count="1" type="cond" truecount="1" falsecount="1"/>
      <line num="12" count="1" type="stmt"/>
    </file>
  </project>
</coverage>
